Watching for file changes with StatReloader
C:\Users\AcerPC\AppData\Local\dev\python_projects\OOTD\myapp\views.py changed, reloading.
Watching for file changes with StatReloader
C:\Users\AcerPC\AppData\Local\dev\python_projects\OOTD\myapp\views.py changed, reloading.
Watching for file changes with StatReloader
C:\Users\AcerPC\AppData\Local\dev\python_projects\OOTD\myapp\views.py changed, reloading.
Watching for file changes with StatReloader
C:\Users\AcerPC\AppData\Local\dev\python_projects\OOTD\myapp\views.py changed, reloading.
Watching for file changes with StatReloader
C:\Users\AcerPC\AppData\Local\dev\python_projects\OOTD\myapp\views.py changed, reloading.
Watching for file changes with StatReloader
C:\Users\AcerPC\AppData\Local\dev\python_projects\OOTD\myapp\views.py changed, reloading.
Watching for file changes with StatReloader
C:\Users\AcerPC\AppData\Local\dev\python_projects\OOTD\myapp\views.py changed, reloading.
Watching for file changes with StatReloader
C:\Users\AcerPC\AppData\Local\dev\python_projects\OOTD\myapp\views.py changed, reloading.
Watching for file changes with StatReloader
C:\Users\AcerPC\AppData\Local\dev\python_projects\OOTD\myapp\views.py changed, reloading.
Watching for file changes with StatReloader
C:\Users\AcerPC\AppData\Local\dev\python_projects\OOTD\myapp\views.py changed, reloading.
Watching for file changes with StatReloader
C:\Users\AcerPC\AppData\Local\dev\python_projects\OOTD\myapp\views.py changed, reloading.
Watching for file changes with StatReloader
C:\Users\AcerPC\AppData\Local\dev\python_projects\OOTD\myapp\views.py changed, reloading.
Watching for file changes with StatReloader
C:\Users\AcerPC\AppData\Local\dev\python_projects\OOTD\myapp\views.py changed, reloading.
Watching for file changes with StatReloader
C:\Users\AcerPC\AppData\Local\dev\python_projects\OOTD\myapp\views.py changed, reloading.
Watching for file changes with StatReloader
C:\Users\AcerPC\AppData\Local\dev\python_projects\OOTD\myapp\views.py changed, reloading.
Watching for file changes with StatReloader
C:\Users\AcerPC\AppData\Local\dev\python_projects\OOTD\myapp\views.py changed, reloading.
Watching for file changes with StatReloader
C:\Users\AcerPC\AppData\Local\dev\python_projects\OOTD\myapp\views.py changed, reloading.
Watching for file changes with StatReloader
C:\Users\AcerPC\AppData\Local\dev\python_projects\OOTD\myapp\views.py changed, reloading.
Watching for file changes with StatReloader
C:\Users\AcerPC\AppData\Local\dev\python_projects\OOTD\myapp\views.py changed, reloading.
Watching for file changes with StatReloader
C:\Users\AcerPC\AppData\Local\dev\python_projects\OOTD\myapp\views.py changed, reloading.
Watching for file changes with StatReloader
Watching for file changes with StatReloader
"GET / HTTP/1.1" 200 3488
"GET /static/myapp/css/style.css HTTP/1.1" 200 8029
"GET /static/myapp/js/script.js HTTP/1.1" 200 6436
"GET /static/myapp/images/3.png HTTP/1.1" 200 23184
"GET /static/myapp/images/logo.png HTTP/1.1" 200 16218
"GET /static/myapp/images/4.png HTTP/1.1" 200 153911
"GET /static/myapp/images/7.png HTTP/1.1" 200 1083943
"GET /static/myapp/images/6.jpg HTTP/1.1" 200 248999
"GET /static/myapp/images/2.png HTTP/1.1" 200 263426
"GET /static/myapp/images/5.jpg HTTP/1.1" 200 155026
"GET /static/myapp/images/background.jpg HTTP/1.1" 200 4281905
"GET /static/myapp/images/favicon.ico HTTP/1.1" 404 1999
"GET /admin/ HTTP/1.1" 302 0
"GET /admin/login/?next=/admin/ HTTP/1.1" 200 4178
"GET /static/admin/css/base.css HTTP/1.1" 304 0
"GET /static/admin/css/dark_mode.css HTTP/1.1" 304 0
"GET /static/admin/css/nav_sidebar.css HTTP/1.1" 304 0
"GET /static/admin/css/login.css HTTP/1.1" 304 0
"GET /static/admin/js/theme.js HTTP/1.1" 304 0
"GET /static/admin/css/responsive.css HTTP/1.1" 304 0
"GET /static/admin/js/nav_sidebar.js HTTP/1.1" 304 0
Not Found: /favicon.ico
"GET /favicon.ico HTTP/1.1" 404 6087
- Broken pipe from ('127.0.0.1', 65207)
"POST /admin/login/?next=/admin/ HTTP/1.1" 302 0
"GET /admin/ HTTP/1.1" 200 10304
"GET /static/admin/css/dashboard.css HTTP/1.1" 304 0
"GET /static/admin/img/icon-addlink.svg HTTP/1.1" 304 0
"GET /static/admin/img/icon-changelink.svg HTTP/1.1" 304 0
"GET /admin/myapp/outfitimage/add/ HTTP/1.1" 200 15156
"GET /static/admin/js/vendor/jquery/jquery.js HTTP/1.1" 304 0
"GET /static/admin/js/core.js HTTP/1.1" 304 0
"GET /static/admin/js/jquery.init.js HTTP/1.1" 304 0
"GET /static/admin/css/forms.css HTTP/1.1" 304 0
"GET /static/admin/js/admin/RelatedObjectLookups.js HTTP/1.1" 304 0
"GET /static/admin/js/actions.js HTTP/1.1" 304 0
"GET /admin/jsi18n/ HTTP/1.1" 200 3342
"GET /static/admin/js/urlify.js HTTP/1.1" 304 0
"GET /static/admin/js/prepopulate.js HTTP/1.1" 304 0
"GET /static/admin/js/vendor/xregexp/xregexp.js HTTP/1.1" 304 0
"GET /static/admin/css/widgets.css HTTP/1.1" 304 0
"GET /static/admin/js/prepopulate_init.js HTTP/1.1" 304 0
"GET /static/admin/js/change_form.js HTTP/1.1" 304 0
"POST /admin/myapp/outfitimage/add/ HTTP/1.1" 302 0
"GET /admin/myapp/outfitimage/ HTTP/1.1" 200 12115
"GET /static/admin/css/changelists.css HTTP/1.1" 304 0
"GET /static/admin/js/filters.js HTTP/1.1" 304 0
"GET /admin/jsi18n/ HTTP/1.1" 200 3342
"GET /static/admin/img/tooltag-add.svg HTTP/1.1" 304 0
"GET /static/admin/img/icon-yes.svg HTTP/1.1" 304 0
Watching for file changes with StatReloader
"GET / HTTP/1.1" 200 3488
"GET /static/myapp/css/style.css HTTP/1.1" 304 0
"GET /static/myapp/js/script.js HTTP/1.1" 304 0
"GET /static/myapp/images/favicon.ico HTTP/1.1" 404 1999
"GET /cup/ HTTP/1.1" 200 10504
C:\Users\AcerPC\AppData\Local\dev\python_projects\OOTD\myapp\views.py changed, reloading.
Watching for file changes with StatReloader
C:\Users\AcerPC\AppData\Local\dev\python_projects\OOTD\myapp\views.py changed, reloading.
Watching for file changes with StatReloader
C:\Users\AcerPC\AppData\Local\dev\python_projects\OOTD\myapp\views.py changed, reloading.
Watching for file changes with StatReloader
C:\Users\AcerPC\AppData\Local\dev\python_projects\OOTD\myapp\views.py changed, reloading.
Watching for file changes with StatReloader
C:\Users\AcerPC\AppData\Local\dev\python_projects\OOTD\myapp\views.py changed, reloading.
Watching for file changes with StatReloader
C:\Users\AcerPC\AppData\Local\dev\python_projects\OOTD\myapp\views.py changed, reloading.
Watching for file changes with StatReloader
C:\Users\AcerPC\AppData\Local\dev\python_projects\OOTD\myapp\views.py changed, reloading.
Watching for file changes with StatReloader
C:\Users\AcerPC\AppData\Local\dev\python_projects\OOTD\myapp\views.py changed, reloading.
Watching for file changes with StatReloader
C:\Users\AcerPC\AppData\Local\dev\python_projects\OOTD\myapp\views.py changed, reloading.
Watching for file changes with StatReloader
C:\Users\AcerPC\AppData\Local\dev\python_projects\OOTD\myapp\views.py changed, reloading.
Watching for file changes with StatReloader
C:\Users\AcerPC\AppData\Local\dev\python_projects\OOTD\myapp\views.py changed, reloading.
Watching for file changes with StatReloader
C:\Users\AcerPC\AppData\Local\dev\python_projects\OOTD\myapp\views.py changed, reloading.
Watching for file changes with StatReloader
C:\Users\AcerPC\AppData\Local\dev\python_projects\OOTD\myapp\views.py changed, reloading.
Watching for file changes with StatReloader
C:\Users\AcerPC\AppData\Local\dev\python_projects\OOTD\myapp\views.py changed, reloading.
Watching for file changes with StatReloader
C:\Users\AcerPC\AppData\Local\dev\python_projects\OOTD\myapp\views.py changed, reloading.
Watching for file changes with StatReloader
C:\Users\AcerPC\AppData\Local\dev\python_projects\OOTD\myapp\views.py changed, reloading.
Watching for file changes with StatReloader
"GET /cup/ HTTP/1.1" 200 10504
"GET /static/myapp/images/logo.png HTTP/1.1" 200 16218
"GET /static/myapp/css/style.css HTTP/1.1" 200 8029
"GET /static/myapp/js/script.js HTTP/1.1" 200 6436
"GET /static/myapp/images/background.jpg HTTP/1.1" 200 4281905
"GET /static/myapp/images/favicon.ico HTTP/1.1" 404 1999
C:\Users\AcerPC\AppData\Local\dev\python_projects\OOTD\myapp\views.py changed, reloading.
Watching for file changes with StatReloader
C:\Users\AcerPC\AppData\Local\dev\python_projects\OOTD\myapp\views.py changed, reloading.
Watching for file changes with StatReloader
C:\Users\AcerPC\AppData\Local\dev\python_projects\OOTD\myapp\views.py changed, reloading.
Watching for file changes with StatReloader
C:\Users\AcerPC\AppData\Local\dev\python_projects\OOTD\myapp\views.py changed, reloading.
Watching for file changes with StatReloader
C:\Users\AcerPC\AppData\Local\dev\python_projects\OOTD\myapp\views.py changed, reloading.
Watching for file changes with StatReloader
C:\Users\AcerPC\AppData\Local\dev\python_projects\OOTD\myapp\views.py changed, reloading.
Watching for file changes with StatReloader
Cup invoked
"GET /cup/ HTTP/1.1" 200 10504
"GET /static/myapp/css/style.css HTTP/1.1" 200 8029
"GET /static/myapp/images/logo.png HTTP/1.1" 200 16218
"GET /static/myapp/js/script.js HTTP/1.1" 200 6436
"GET /static/myapp/images/background.jpg HTTP/1.1" 200 4281905
"GET /static/myapp/images/favicon.ico HTTP/1.1" 404 1999
C:\Users\AcerPC\AppData\Local\dev\python_projects\OOTD\myapp\views.py changed, reloading.
Watching for file changes with StatReloader
views.cup invoked
"GET /cup/ HTTP/1.1" 200 10504
C:\Users\AcerPC\AppData\Local\dev\python_projects\OOTD\myapp\views.py changed, reloading.
Watching for file changes with StatReloader
C:\Users\AcerPC\AppData\Local\dev\python_projects\OOTD\myapp\views.py changed, reloading.
Watching for file changes with StatReloader
C:\Users\AcerPC\AppData\Local\dev\python_projects\OOTD\myapp\views.py changed, reloading.
Watching for file changes with StatReloader
C:\Users\AcerPC\AppData\Local\dev\python_projects\OOTD\myapp\views.py changed, reloading.
Watching for file changes with StatReloader
Cup invoked
"GET /cup/ HTTP/1.1" 200 10504
"GET /static/myapp/css/style.css HTTP/1.1" 200 8029
"GET /static/myapp/js/script.js HTTP/1.1" 200 6436
"GET /static/myapp/images/logo.png HTTP/1.1" 200 16218
"GET /static/myapp/images/background.jpg HTTP/1.1" 200 4281905
"GET /static/myapp/images/favicon.ico HTTP/1.1" 404 1999
Outfit recommendation view accessed
"GET /outfit/ HTTP/1.1" 200 6444
"GET /admin/ HTTP/1.1" 302 0
"GET /admin/login/?next=/admin/ HTTP/1.1" 200 4178
Not Found: /favicon.ico
"GET /favicon.ico HTTP/1.1" 404 6087
"POST /admin/login/?next=/admin/ HTTP/1.1" 302 0
"GET /admin/ HTTP/1.1" 200 10312
"GET /admin/myapp/brasize/ HTTP/1.1" 200 10542
"GET /admin/jsi18n/ HTTP/1.1" 200 3342
"GET /admin/myapp/brasize/add/ HTTP/1.1" 200 14051
"GET /admin/jsi18n/ HTTP/1.1" 200 3342
"GET / HTTP/1.1" 200 3752
"POST /logout/ HTTP/1.1" 302 0
"GET / HTTP/1.1" 200 3488
"GET / HTTP/1.1" 200 3488
Cup invoked
"GET /cup/ HTTP/1.1" 200 10504
"GET / HTTP/1.1" 200 3488
Cup invoked
"GET /cup/ HTTP/1.1" 200 10504
Not Found: /.well-known/appspecific/com.chrome.devtools.json
"GET /.well-known/appspecific/com.chrome.devtools.json HTTP/1.1" 404 6198
Not Found: /.well-known/appspecific/com.chrome.devtools.json
"GET /.well-known/appspecific/com.chrome.devtools.json HTTP/1.1" 404 6198
Cup invoked
"GET /cup/ HTTP/1.1" 200 11062
"GET /static/myapp/js/script.js HTTP/1.1" 200 6436
"GET /static/myapp/css/style.css HTTP/1.1" 200 8029
"GET /static/myapp/images/logo.png HTTP/1.1" 200 16218
Not Found: /.well-known/appspecific/com.chrome.devtools.json
"GET /.well-known/appspecific/com.chrome.devtools.json HTTP/1.1" 404 6198
"GET /static/myapp/images/background.jpg HTTP/1.1" 200 4281905
"GET /static/myapp/images/favicon.ico HTTP/1.1" 404 1999
Cup invoked
"GET /cup/ HTTP/1.1" 200 11005
Not Found: /.well-known/appspecific/com.chrome.devtools.json
"GET /.well-known/appspecific/com.chrome.devtools.json HTTP/1.1" 404 6198
"GET /static/myapp/css/style.css HTTP/1.1" 200 8029
"GET /static/myapp/js/script.js HTTP/1.1" 200 6436
"GET /static/myapp/images/logo.png HTTP/1.1" 200 16218
"GET /static/myapp/images/background.jpg HTTP/1.1" 200 4281905
Not Found: /favicon.ico
"GET /favicon.ico HTTP/1.1" 404 6087
Cup invoked
"GET /cup/ HTTP/1.1" 200 11005
"GET /static/myapp/css/style.css HTTP/1.1" 200 8029
Not Found: /.well-known/appspecific/com.chrome.devtools.json
"GET /.well-known/appspecific/com.chrome.devtools.json HTTP/1.1" 404 6198
"GET /static/myapp/images/logo.png HTTP/1.1" 200 16218
"GET /static/myapp/js/script.js HTTP/1.1" 200 6436
"GET /static/myapp/images/background.jpg HTTP/1.1" 200 4281905
Not Found: /favicon.ico
"GET /favicon.ico HTTP/1.1" 404 6087
Cup invoked
"GET /cup/ HTTP/1.1" 200 11085
"GET /static/myapp/css/style.css HTTP/1.1" 200 8029
"GET /static/myapp/js/script.js HTTP/1.1" 200 6436
"GET /static/myapp/images/logo.png HTTP/1.1" 200 16218
Not Found: /.well-known/appspecific/com.chrome.devtools.json
"GET /.well-known/appspecific/com.chrome.devtools.json HTTP/1.1" 404 6198
"GET /static/myapp/images/background.jpg HTTP/1.1" 200 4281905
Not Found: /favicon.ico
"GET /favicon.ico HTTP/1.1" 404 6087
Cup invoked
"GET /cup/ HTTP/1.1" 200 11134
"GET /static/myapp/css/style.css HTTP/1.1" 200 8029
"GET /static/myapp/js/script.js HTTP/1.1" 200 6436
"GET /static/myapp/images/logo.png HTTP/1.1" 200 16218
Not Found: /.well-known/appspecific/com.chrome.devtools.json
"GET /.well-known/appspecific/com.chrome.devtools.json HTTP/1.1" 404 6198
"GET /static/myapp/images/background.jpg HTTP/1.1" 200 4281905
"GET /static/myapp/favicon.ico HTTP/1.1" 404 1978
C:\Users\AcerPC\AppData\Local\dev\python_projects\OOTD\myapp\views.py changed, reloading.
Watching for file changes with StatReloader
Cup invoked
"GET /cup/ HTTP/1.1" 200 11224
Not Found: /.well-known/appspecific/com.chrome.devtools.json
"GET /.well-known/appspecific/com.chrome.devtools.json HTTP/1.1" 404 6198
"GET /static/myapp/js/script.js HTTP/1.1" 200 6436
"GET /static/myapp/css/style.css HTTP/1.1" 200 8029
"GET /static/myapp/images/logo.png HTTP/1.1" 200 16218
"GET /static/myapp/images/background.jpg HTTP/1.1" 200 4281905
"GET /static/myapp/favicon.ico HTTP/1.1" 404 1978
Cup invoked
Request received: underbust:24.0, overbust: 34.0
Error in bra size calculation: NOT NULL constraint failed: myapp_brasize.user_id
Internal Server Error: /cup/
"POST /cup/ HTTP/1.1" 500 49
Cup invoked
Request received: underbust:24.0, overbust: 34.0
Error in bra size calculation: NOT NULL constraint failed: myapp_brasize.user_id
Internal Server Error: /cup/
"POST /cup/ HTTP/1.1" 500 49
Cup invoked
Request received: underbust:24.0, overbust: 34.0
Error in bra size calculation: NOT NULL constraint failed: myapp_brasize.user_id
Internal Server Error: /cup/
"POST /cup/ HTTP/1.1" 500 49
Cup invoked
"GET /cup/ HTTP/1.1" 200 11224
"GET /static/myapp/css/style.css HTTP/1.1" 200 8029
"GET /static/myapp/js/script.js HTTP/1.1" 200 6436
"GET /static/myapp/images/logo.png HTTP/1.1" 200 16218
"GET /static/myapp/images/background.jpg HTTP/1.1" 200 4281905
"GET /static/myapp/favicon.ico HTTP/1.1" 404 1978
Cup invoked
"GET /cup/ HTTP/1.1" 200 11224
Cup invoked
Request received: underbust:24.0, overbust: 34.0
Error in bra size calculation: NOT NULL constraint failed: myapp_brasize.user_id
Internal Server Error: /cup/
"POST /cup/ HTTP/1.1" 500 49
C:\Users\AcerPC\AppData\Local\dev\python_projects\OOTD\myapp\views.py changed, reloading.
Watching for file changes with StatReloader
C:\Users\AcerPC\AppData\Local\dev\python_projects\OOTD\myapp\views.py changed, reloading.
Watching for file changes with StatReloader
C:\Users\AcerPC\AppData\Local\dev\python_projects\OOTD\myapp\views.py changed, reloading.
Watching for file changes with StatReloader
C:\Users\AcerPC\AppData\Local\dev\python_projects\OOTD\myapp\views.py changed, reloading.
Watching for file changes with StatReloader
C:\Users\AcerPC\AppData\Local\dev\python_projects\OOTD\myapp\views.py changed, reloading.
Watching for file changes with StatReloader
C:\Users\AcerPC\AppData\Local\dev\python_projects\OOTD\myapp\views.py changed, reloading.
Watching for file changes with StatReloader
Cup invoked
"GET /cup/ HTTP/1.1" 200 11224
"GET /static/myapp/js/script.js HTTP/1.1" 200 6436
"GET /static/myapp/images/logo.png HTTP/1.1" 200 16218
"GET /static/myapp/css/style.css HTTP/1.1" 200 8029
"GET /static/myapp/images/background.jpg HTTP/1.1" 200 4281905
"GET /static/myapp/favicon.ico HTTP/1.1" 404 1978
Cup invoked
Method Post
Request received: underbust:24.0, overbust: 34.0
Error in bra size calculation: NOT NULL constraint failed: myapp_brasize.user_id
Internal Server Error: /cup/
"POST /cup/ HTTP/1.1" 500 49
"GET / HTTP/1.1" 200 3481
C:\Users\AcerPC\AppData\Local\dev\python_projects\OOTD\myapp\views.py changed, reloading.
Watching for file changes with StatReloader
C:\Users\AcerPC\AppData\Local\dev\python_projects\OOTD\myapp\views.py changed, reloading.
Watching for file changes with StatReloader
C:\Users\AcerPC\AppData\Local\dev\python_projects\OOTD\myapp\views.py changed, reloading.
Watching for file changes with StatReloader
C:\Users\AcerPC\AppData\Local\dev\python_projects\OOTD\myapp\views.py changed, reloading.
Watching for file changes with StatReloader
C:\Users\AcerPC\AppData\Local\dev\python_projects\OOTD\myapp\views.py changed, reloading.
Watching for file changes with StatReloader
C:\Users\AcerPC\AppData\Local\dev\python_projects\OOTD\myapp\views.py changed, reloading.
Watching for file changes with StatReloader
C:\Users\AcerPC\AppData\Local\dev\python_projects\OOTD\myapp\views.py changed, reloading.
Watching for file changes with StatReloader
C:\Users\AcerPC\AppData\Local\dev\python_projects\OOTD\myapp\views.py changed, reloading.
Watching for file changes with StatReloader
C:\Users\AcerPC\AppData\Local\dev\python_projects\OOTD\myapp\views.py changed, reloading.
Watching for file changes with StatReloader
C:\Users\AcerPC\AppData\Local\dev\python_projects\OOTD\myapp\views.py changed, reloading.
Watching for file changes with StatReloader
C:\Users\AcerPC\AppData\Local\dev\python_projects\OOTD\myapp\views.py changed, reloading.
Watching for file changes with StatReloader
C:\Users\AcerPC\AppData\Local\dev\python_projects\OOTD\myapp\views.py changed, reloading.
Watching for file changes with StatReloader
C:\Users\AcerPC\AppData\Local\dev\python_projects\OOTD\myapp\views.py changed, reloading.
Watching for file changes with StatReloader
C:\Users\AcerPC\AppData\Local\dev\python_projects\OOTD\myapp\views.py changed, reloading.
Watching for file changes with StatReloader
C:\Users\AcerPC\AppData\Local\dev\python_projects\OOTD\myapp\views.py changed, reloading.
Watching for file changes with StatReloader
Cup invoked
"GET /cup/ HTTP/1.1" 200 11224
Cup invoked
"GET /cup/ HTTP/1.1" 200 11224
"GET /static/myapp/css/style.css HTTP/1.1" 200 8029
"GET /static/myapp/images/logo.png HTTP/1.1" 200 16218
"GET /static/myapp/js/script.js HTTP/1.1" 200 6436
"GET /static/myapp/images/background.jpg HTTP/1.1" 200 4281905
"GET /static/myapp/favicon.ico HTTP/1.1" 404 1978
Cup invoked
Method Post
Request received: underbust:24.0, overbust: 34.0
"POST /cup/ HTTP/1.1" 200 71
"GET /signup/ HTTP/1.1" 200 4731
Not Found: /images/background.jpg
"GET /images/background.jpg HTTP/1.1" 404 6117
"POST /signup/ HTTP/1.1" 302 0
"GET / HTTP/1.1" 200 3752
Cup invoked
"GET /cup/ HTTP/1.1" 200 11696
Cup invoked
"GET /cup/ HTTP/1.1" 200 11494
Cup invoked
Method Post
Request received: underbust:24.0, overbust: 34.0
"POST /cup/ HTTP/1.1" 200 71
"GET /admin/myapp/brasize/ HTTP/1.1" 302 0
"GET /admin/login/?next=/admin/myapp/brasize/ HTTP/1.1" 200 3734
Not Found: /favicon.ico
"GET /favicon.ico HTTP/1.1" 404 6087
"POST /admin/login/?next=/admin/myapp/brasize/ HTTP/1.1" 302 0
"GET /admin/myapp/brasize/ HTTP/1.1" 200 11953
"GET /admin/jsi18n/ HTTP/1.1" 200 3342
"GET / HTTP/1.1" 200 3745
Outfit recommendation view accessed
"GET /outfit/ HTTP/1.1" 200 6701
Outfit recommendation view accessed
Outfit: Form data - Style: casual, Color: black, Occasion: work
"POST /outfit/ HTTP/1.1" 200 7163
"POST /logout/ HTTP/1.1" 302 0
"GET / HTTP/1.1" 200 3481
"GET /admin HTTP/1.1" 301 0
"GET /admin/ HTTP/1.1" 302 0
"GET /admin/login/?next=/admin/ HTTP/1.1" 200 4178
"GET /static/admin/css/base.css HTTP/1.1" 200 22120
"GET /static/admin/css/login.css HTTP/1.1" 200 951
"GET /static/admin/css/nav_sidebar.css HTTP/1.1" 200 2810
"GET /static/admin/css/dark_mode.css HTTP/1.1" 200 2808
"GET /static/admin/css/responsive.css HTTP/1.1" 200 16565
"GET /static/admin/js/theme.js HTTP/1.1" 200 1653
"GET /static/admin/js/nav_sidebar.js HTTP/1.1" 200 3063
"POST /admin/login/?next=/admin/ HTTP/1.1" 302 0
"GET /admin/ HTTP/1.1" 200 10312
"GET /static/admin/css/dashboard.css HTTP/1.1" 200 441
"GET /static/admin/img/icon-changelink.svg HTTP/1.1" 200 380
"GET /static/admin/img/icon-addlink.svg HTTP/1.1" 200 331
"GET /admin/myapp/brasize/ HTTP/1.1" 200 11953
"GET /admin/jsi18n/ HTTP/1.1" 200 3342
"GET /static/admin/css/changelists.css HTTP/1.1" 200 6878
"GET /static/admin/js/jquery.init.js HTTP/1.1" 200 347
"GET /static/admin/js/core.js HTTP/1.1" 200 6208
"GET /static/admin/js/admin/RelatedObjectLookups.js HTTP/1.1" 200 9777
"GET /static/admin/js/actions.js HTTP/1.1" 200 8076
"GET /static/admin/js/urlify.js HTTP/1.1" 200 7887
"GET /static/admin/js/prepopulate.js HTTP/1.1" 200 1531
"GET /static/admin/js/vendor/jquery/jquery.js HTTP/1.1" 200 285314
"GET /static/admin/js/filters.js HTTP/1.1" 200 978
"GET /static/admin/js/vendor/xregexp/xregexp.js HTTP/1.1" 200 325171
"GET /static/admin/img/tooltag-add.svg HTTP/1.1" 200 331
"GET /admin/myapp/bodymeasurement/ HTTP/1.1" 200 10598
"GET /admin/jsi18n/ HTTP/1.1" 200 3342
"GET /admin/myapp/clothingitem/ HTTP/1.1" 200 10577
"GET /admin/jsi18n/ HTTP/1.1" 200 3342
"GET /admin/myapp/favoriteoutfit/ HTTP/1.1" 200 10591
"GET /admin/jsi18n/ HTTP/1.1" 200 3342
"GET /admin/myapp/outfitimage/ HTTP/1.1" 200 10570
"GET /admin/jsi18n/ HTTP/1.1" 200 3342
"GET /admin/myapp/outfit/ HTTP/1.1" 200 10530
"GET /admin/jsi18n/ HTTP/1.1" 200 3342
"GET /admin/myapp/user/ HTTP/1.1" 200 14717
"GET /admin/jsi18n/ HTTP/1.1" 200 3342
"GET /static/admin/img/search.svg HTTP/1.1" 200 458
"GET /static/admin/img/icon-yes.svg HTTP/1.1" 200 436
"GET /static/admin/img/icon-no.svg HTTP/1.1" 200 560
"GET /static/admin/img/icon-viewlink.svg HTTP/1.1" 200 581
"GET /static/admin/img/sorting-icons.svg HTTP/1.1" 200 1097
"GET /login/ HTTP/1.1" 200 3666
"POST /login/ HTTP/1.1" 302 0
"GET / HTTP/1.1" 200 3752
Outfit recommendation view accessed
"GET /outfit/ HTTP/1.1" 200 6708
Outfit recommendation view accessed
Outfit: Form data - Style: casual, Color: black, Occasion: work
"POST /outfit/ HTTP/1.1" 200 7170
